2022-10-15 13:56:01.455  INFO 22132 --- [main] lavalink.server.Launcher                 : Starting Launcher using Java 11.0.14 on DESKTOP-DFVRKM3 with PID 22132 (C:\Users\Adamh\OneDrive\Documents\GitHub\Cinna-Bot\Lavalink\Lavalink.jar started by Adamh in C:\Users\Adamh\OneDrive\Documents\GitHub\Cinna-Bot\Lavalink)
2022-10-15 13:56:01.458  INFO 22132 --- [main] lavalink.server.Launcher                 : No active profile set, falling back to 1 default profile: "default"
2022-10-15 13:56:02.277  INFO 22132 --- [main] lavalink.server.Launcher                 : Started Launcher in 1.263 seconds (JVM running for 1.706)
2022-10-15 13:56:02.280  INFO 22132 --- [main] lavalink.server.Launcher                 : You can safely ignore the big red warning about illegal reflection. See https://github.com/freyacodes/Lavalink/issues/295
2022-10-15 13:56:02.325  INFO 22132 --- [main] lavalink.server.Launcher                 : 

[32m       .  [31m _                  _ _       _    [32m__ _ _
[32m      /\\ [31m| | __ ___   ____ _| (_)_ __ | | __[32m\ \ \ \
[32m     ( ( )[31m| |/ _` \ \ / / _` | | | '_ \| |/ /[32m \ \ \ \
[32m      \\/ [31m| | (_| |\ V / (_| | | | | | |   < [32m  ) ) ) )
[32m       '  [31m|_|\__,_| \_/ \__,_|_|_|_| |_|_|\_\[32m / / / /
[0m    =========================================[32m/_/_/_/[0m

	Version:        3.5-rc3
	Build:          1350
	Build time:     11.08.2022 18:37:19 UTC
	Branch          HEAD
	Commit:         1b8e84f
	Commit time:    11.08.2022 18:22:22 UTC
	JVM:            11.0.14
	Lavaplayer      1.3.98.2-original

2022-10-15 13:56:02.334  INFO 22132 --- [main] lavalink.server.Launcher                 : No active profile set, falling back to 1 default profile: "default"
2022-10-15 13:56:03.108  WARN 22132 --- [main] io.undertow.websockets.jsr               : UT026010: Buffer pool was not set on WebSocketDeploymentInfo, the default pool will be used
2022-10-15 13:56:03.125  INFO 22132 --- [main] io.undertow.servlet                      : Initializing Spring embedded WebApplicationContext
2022-10-15 13:56:03.125  INFO 22132 --- [main] w.s.c.ServletWebServerApplicationContext : Root WebApplicationContext: initialization completed in 775 ms
2022-10-15 13:56:03.194  WARN 22132 --- [main] l.server.config.SentryConfiguration      : Turning off sentry
2022-10-15 13:56:03.455  INFO 22132 --- [main] c.s.d.l.tools.GarbageCollectionMonitor   : GC monitoring enabled, reporting results every 2 minutes.
2022-10-15 13:56:03.601  INFO 22132 --- [main] lavalink.server.config.KoeConfiguration  : OS: WINDOWS, Arch: X86_64
2022-10-15 13:56:03.601  INFO 22132 --- [main] lavalink.server.config.KoeConfiguration  : Enabling JDA-NAS
2022-10-15 13:56:03.605  INFO 22132 --- [main] c.s.l.c.natives.NativeLibraryLoader      : Native library udpqueue: loading with filter null
2022-10-15 13:56:03.843  INFO 22132 --- [main] c.s.l.c.natives.NativeLibraryLoader      : Native library udpqueue: successfully loaded.
2022-10-15 13:56:04.031  INFO 22132 --- [main] io.undertow                              : starting server: Undertow - 2.2.16.Final
2022-10-15 13:56:04.039  INFO 22132 --- [main] org.xnio                                 : XNIO version 3.8.6.Final
2022-10-15 13:56:04.045  INFO 22132 --- [main] org.xnio.nio                             : XNIO NIO Implementation Version 3.8.6.Final
2022-10-15 13:56:04.120  INFO 22132 --- [main] org.jboss.threads                        : JBoss Threads version 3.1.0.Final
2022-10-15 13:56:04.155  INFO 22132 --- [main] o.s.b.w.e.undertow.UndertowWebServer     : Undertow started on port(s) 2333 (http)
2022-10-15 13:56:04.159  INFO 22132 --- [main] lavalink.server.Launcher                 : Started Launcher in 1.873 seconds (JVM running for 3.588)
2022-10-15 13:56:04.160  INFO 22132 --- [main] lavalink.server.Launcher                 : Lavalink is ready to accept connections.
